2025-10-13 03:33:53,070 - aqt.main - INFO - installer 140131661302656 aqtinstall(aqt) v3.1.21 on Python 3.11.13 [CPython GCC 13.3.0]
2025-10-13 03:33:53,070 - aqt.helper - DEBUG - helper 140131661302656 Attempt to download checksum at https://download.qt.io/online/qtsdkrepository/linux_x64/desktop/qt6_683/qt6_683/Updates.xml.sha256
2025-10-13 03:33:54,442 - aqt.helper - DEBUG - helper 140131661302656 Attempt to download checksum at https://download.qt.io/online/qtsdkrepository/linux_x64/extensions/qtwebengine/683/x86_64/Updates.xml.sha256
2025-10-13 03:33:55,872 - aqt.archives - INFO - archives 140131661302656 Found extension qtwebengine
2025-10-13 03:33:55,873 - aqt.helper - DEBUG - helper 140131661302656 Attempt to download checksum at https://download.qt.io/online/qtsdkrepository/linux_x64/extensions/qtpdf/683/x86_64/Updates.xml.sha256
2025-10-13 03:33:57,279 - aqt.archives - INFO - archives 140131661302656 Found extension qtpdf
2025-10-13 03:33:57,805 - aqt.helper - DEBUG - helper 140234911812480 Attempt to download checksum at https://download.qt.io/online/qtsdkrepository/linux_x64/desktop/qt6_683/qt6_683/qt.qt6.683.linux_gcc_64/6.8.3-0-202503201345qtbase-Linux-RHEL_8_10-GCC-Linux-RHEL_8_10-X86_64.7z.sha256
2025-10-13 03:33:57,810 - aqt.helper - DEBUG - helper 140080044039040 Attempt to download checksum at https://download.qt.io/online/qtsdkrepository/linux_x64/desktop/qt6_683/qt6_683/qt.qt6.683.linux_gcc_64/6.8.3-0-202503201345qtsvg-Linux-RHEL_8_10-GCC-Linux-RHEL_8_10-X86_64.7z.sha256
2025-10-13 03:33:57,814 - aqt.helper - DEBUG - helper 139769835375488 Attempt to download checksum at https://download.qt.io/online/qtsdkrepository/linux_x64/desktop/qt6_683/qt6_683/qt.qt6.683.linux_gcc_64/6.8.3-0-202503201345qtdeclarative-Linux-RHEL_8_10-GCC-Linux-RHEL_8_10-X86_64.7z.sha256
2025-10-13 03:33:57,817 - aqt.helper - DEBUG - helper 140044339825536 Attempt to download checksum at https://download.qt.io/online/qtsdkrepository/linux_x64/desktop/qt6_683/qt6_683/qt.qt6.683.linux_gcc_64/6.8.3-0-202503201345qttools-Linux-RHEL_8_10-GCC-Linux-RHEL_8_10-X86_64.7z.sha256
2025-10-13 03:33:58,591 - aqt.helper - INFO - helper 140234911812480 Downloading qtbase...
2025-10-13 03:33:58,592 - aqt.helper - INFO - helper 140044339825536 Downloading qttools...
2025-10-13 03:33:58,592 - aqt.installer - DEBUG - installer 140234911812480 Download URL: https://download.qt.io/online/qtsdkrepository/linux_x64/desktop/qt6_683/qt6_683/qt.qt6.683.linux_gcc_64/6.8.3-0-202503201345qtbase-Linux-RHEL_8_10-GCC-Linux-RHEL_8_10-X86_64.7z
2025-10-13 03:33:58,592 - aqt.installer - DEBUG - installer 140044339825536 Download URL: https://download.qt.io/online/qtsdkrepository/linux_x64/desktop/qt6_683/qt6_683/qt.qt6.683.linux_gcc_64/6.8.3-0-202503201345qttools-Linux-RHEL_8_10-GCC-Linux-RHEL_8_10-X86_64.7z
2025-10-13 03:33:58,620 - aqt.helper - INFO - helper 140080044039040 Downloading qtsvg...
2025-10-13 03:33:58,620 - aqt.installer - DEBUG - installer 140080044039040 Download URL: https://download.qt.io/online/qtsdkrepository/linux_x64/desktop/qt6_683/qt6_683/qt.qt6.683.linux_gcc_64/6.8.3-0-202503201345qtsvg-Linux-RHEL_8_10-GCC-Linux-RHEL_8_10-X86_64.7z
2025-10-13 03:33:58,623 - aqt.helper - INFO - helper 139769835375488 Downloading qtdeclarative...
2025-10-13 03:33:58,623 - aqt.installer - DEBUG - installer 139769835375488 Download URL: https://download.qt.io/online/qtsdkrepository/linux_x64/desktop/qt6_683/qt6_683/qt.qt6.683.linux_gcc_64/6.8.3-0-202503201345qtdeclarative-Linux-RHEL_8_10-GCC-Linux-RHEL_8_10-X86_64.7z
2025-10-13 03:33:59,283 - aqt.helper - DEBUG - helper 140044339825536 Asked to redirect(302) to: https://qt.mirror.constant.com/online/qtsdkrepository/linux_x64/desktop/qt6_683/qt6_683/qt.qt6.683.linux_gcc_64/6.8.3-0-202503201345qttools-Linux-RHEL_8_10-GCC-Linux-RHEL_8_10-X86_64.7z
2025-10-13 03:33:59,283 - aqt.helper - INFO - helper 140044339825536 Redirected: qt.mirror.constant.com
2025-10-13 03:33:59,322 - aqt.helper - DEBUG - helper 140080044039040 Asked to redirect(302) to: https://qt.mirror.constant.com/online/qtsdkrepository/linux_x64/desktop/qt6_683/qt6_683/qt.qt6.683.linux_gcc_64/6.8.3-0-202503201345qtsvg-Linux-RHEL_8_10-GCC-Linux-RHEL_8_10-X86_64.7z
2025-10-13 03:33:59,322 - aqt.helper - INFO - helper 140080044039040 Redirected: qt.mirror.constant.com
2025-10-13 03:33:59,340 - aqt.helper - DEBUG - helper 140234911812480 Asked to redirect(302) to: https://qt.mirror.constant.com/online/qtsdkrepository/linux_x64/desktop/qt6_683/qt6_683/qt.qt6.683.linux_gcc_64/6.8.3-0-202503201345qtbase-Linux-RHEL_8_10-GCC-Linux-RHEL_8_10-X86_64.7z
2025-10-13 03:33:59,340 - aqt.helper - INFO - helper 140234911812480 Redirected: qt.mirror.constant.com
2025-10-13 03:34:00,358 - aqt.installer - INFO - installer 140080044039040 Finished installation of qtsvg-Linux-RHEL_8_10-GCC-Linux-RHEL_8_10-X86_64.7z in 2.55068269
2025-10-13 03:34:00,368 - aqt.helper - DEBUG - helper 140080044039040 Attempt to download checksum at https://download.qt.io/online/qtsdkrepository/linux_x64/desktop/qt6_683/qt6_683/qt.qt6.683.linux_gcc_64/6.8.3-0-202503201345qttranslations-Linux-RHEL_8_10-GCC-Linux-RHEL_8_10-X86_64.7z.sha256
2025-10-13 03:34:00,392 - aqt.helper - DEBUG - helper 139769835375488 Asked to redirect(302) to: https://qt.mirror.constant.com/online/qtsdkrepository/linux_x64/desktop/qt6_683/qt6_683/qt.qt6.683.linux_gcc_64/6.8.3-0-202503201345qtdeclarative-Linux-RHEL_8_10-GCC-Linux-RHEL_8_10-X86_64.7z
2025-10-13 03:34:00,392 - aqt.helper - INFO - helper 139769835375488 Redirected: qt.mirror.constant.com
2025-10-13 03:34:01,063 - aqt.helper - INFO - helper 140080044039040 Downloading qttranslations...
2025-10-13 03:34:01,064 - aqt.installer - DEBUG - installer 140080044039040 Download URL: https://download.qt.io/online/qtsdkrepository/linux_x64/desktop/qt6_683/qt6_683/qt.qt6.683.linux_gcc_64/6.8.3-0-202503201345qttranslations-Linux-RHEL_8_10-GCC-Linux-RHEL_8_10-X86_64.7z
2025-10-13 03:34:01,740 - aqt.helper - DEBUG - helper 140080044039040 Asked to redirect(302) to: https://qt.mirror.constant.com/online/qtsdkrepository/linux_x64/desktop/qt6_683/qt6_683/qt.qt6.683.linux_gcc_64/6.8.3-0-202503201345qttranslations-Linux-RHEL_8_10-GCC-Linux-RHEL_8_10-X86_64.7z
2025-10-13 03:34:01,740 - aqt.helper - INFO - helper 140080044039040 Redirected: qt.mirror.constant.com
2025-10-13 03:34:03,566 - aqt.installer - INFO - installer 140080044039040 Finished installation of qttranslations-Linux-RHEL_8_10-GCC-Linux-RHEL_8_10-X86_64.7z in 3.19934358
2025-10-13 03:34:03,585 - aqt.helper - DEBUG - helper 140080044039040 Attempt to download checksum at https://download.qt.io/online/qtsdkrepository/linux_x64/desktop/qt6_683/qt6_683/qt.qt6.683.linux_gcc_64/6.8.3-0-202503201345qtwayland-Linux-RHEL_8_10-GCC-Linux-RHEL_8_10-X86_64.7z.sha256
2025-10-13 03:34:04,286 - aqt.helper - INFO - helper 140080044039040 Downloading qtwayland...
2025-10-13 03:34:04,286 - aqt.installer - DEBUG - installer 140080044039040 Download URL: https://download.qt.io/online/qtsdkrepository/linux_x64/desktop/qt6_683/qt6_683/qt.qt6.683.linux_gcc_64/6.8.3-0-202503201345qtwayland-Linux-RHEL_8_10-GCC-Linux-RHEL_8_10-X86_64.7z
2025-10-13 03:34:05,063 - aqt.helper - DEBUG - helper 140080044039040 Asked to redirect(302) to: https://qt.mirror.constant.com/online/qtsdkrepository/linux_x64/desktop/qt6_683/qt6_683/qt.qt6.683.linux_gcc_64/6.8.3-0-202503201345qtwayland-Linux-RHEL_8_10-GCC-Linux-RHEL_8_10-X86_64.7z
2025-10-13 03:34:05,063 - aqt.helper - INFO - helper 140080044039040 Redirected: qt.mirror.constant.com
2025-10-13 03:34:05,685 - aqt.installer - INFO - installer 140234911812480 Finished installation of qtbase-Linux-RHEL_8_10-GCC-Linux-RHEL_8_10-X86_64.7z in 7.88224313
2025-10-13 03:34:05,700 - aqt.helper - DEBUG - helper 140234911812480 Attempt to download checksum at https://download.qt.io/online/qtsdkrepository/linux_x64/desktop/qt6_683/qt6_683/qt.qt6.683.linux_gcc_64/6.8.3-0-202503201345icu-linux-Rhel8.6-x86_64.7z.sha256
2025-10-13 03:34:06,398 - aqt.helper - INFO - helper 140234911812480 Downloading icu...
2025-10-13 03:34:06,398 - aqt.installer - DEBUG - installer 140234911812480 Download URL: https://download.qt.io/online/qtsdkrepository/linux_x64/desktop/qt6_683/qt6_683/qt.qt6.683.linux_gcc_64/6.8.3-0-202503201345icu-linux-Rhel8.6-x86_64.7z
2025-10-13 03:34:06,938 - aqt.installer - INFO - installer 140080044039040 Finished installation of qtwayland-Linux-RHEL_8_10-GCC-Linux-RHEL_8_10-X86_64.7z in 3.35570465
2025-10-13 03:34:07,144 - aqt.helper - DEBUG - helper 140234911812480 Asked to redirect(302) to: https://qt.mirror.constant.com/online/qtsdkrepository/linux_x64/desktop/qt6_683/qt6_683/qt.qt6.683.linux_gcc_64/6.8.3-0-202503201345icu-linux-Rhel8.6-x86_64.7z
2025-10-13 03:34:07,144 - aqt.helper - INFO - helper 140234911812480 Redirected: qt.mirror.constant.com
2025-10-13 03:34:07,399 - aqt.installer - INFO - installer 140044339825536 Finished installation of qttools-Linux-RHEL_8_10-GCC-Linux-RHEL_8_10-X86_64.7z in 9.58368009
2025-10-13 03:34:08,750 - aqt.installer - INFO - installer 140234911812480 Finished installation of icu-linux-Rhel8.6-x86_64.7z in 3.05100460
2025-10-13 03:34:14,621 - aqt.installer - INFO - installer 139769835375488 Finished installation of qtdeclarative-Linux-RHEL_8_10-GCC-Linux-RHEL_8_10-X86_64.7z in 16.80882008
2025-10-13 03:34:14,710 - aqt.updater - INFO - updater 140131661302656 Patching /home/runner/work/FreeCAD/Qt/6.8.3/gcc_64/bin/qmake
2025-10-13 03:34:14,714 - aqt.updater - INFO - updater 140131661302656 Patching /home/runner/work/FreeCAD/Qt/6.8.3/gcc_64/lib/pkgconfig/Qt6Sql.pc
2025-10-13 03:34:14,715 - aqt.updater - INFO - updater 140131661302656 Patching /home/runner/work/FreeCAD/Qt/6.8.3/gcc_64/lib/pkgconfig/Qt6Core.pc
2025-10-13 03:34:14,715 - aqt.updater - INFO - updater 140131661302656 Patching /home/runner/work/FreeCAD/Qt/6.8.3/gcc_64/lib/pkgconfig/Qt6SvgWidgets.pc
2025-10-13 03:34:14,715 - aqt.updater - INFO - updater 140131661302656 Patching /home/runner/work/FreeCAD/Qt/6.8.3/gcc_64/lib/pkgconfig/Qt6DBus.pc
2025-10-13 03:34:14,715 - aqt.updater - INFO - updater 140131661302656 Patching /home/runner/work/FreeCAD/Qt/6.8.3/gcc_64/lib/pkgconfig/Qt6Platform.pc
2025-10-13 03:34:14,716 - aqt.updater - INFO - updater 140131661302656 Patching /home/runner/work/FreeCAD/Qt/6.8.3/gcc_64/lib/pkgconfig/Qt6Qml.pc
2025-10-13 03:34:14,716 - aqt.updater - INFO - updater 140131661302656 Patching /home/runner/work/FreeCAD/Qt/6.8.3/gcc_64/lib/pkgconfig/Qt6UiPlugin.pc
2025-10-13 03:34:14,716 - aqt.updater - INFO - updater 140131661302656 Patching /home/runner/work/FreeCAD/Qt/6.8.3/gcc_64/lib/pkgconfig/Qt6QuickControls2UniversalStyleImpl.pc
2025-10-13 03:34:14,716 - aqt.updater - INFO - updater 140131661302656 Patching /home/runner/work/FreeCAD/Qt/6.8.3/gcc_64/lib/pkgconfig/Qt6QuickControls2BasicStyleImpl.pc
2025-10-13 03:34:14,717 - aqt.updater - INFO - updater 140131661302656 Patching /home/runner/work/FreeCAD/Qt/6.8.3/gcc_64/lib/pkgconfig/Qt6QuickControls2.pc
2025-10-13 03:34:14,717 - aqt.updater - INFO - updater 140131661302656 Patching /home/runner/work/FreeCAD/Qt/6.8.3/gcc_64/lib/pkgconfig/Qt6QuickControls2Fusion.pc
2025-10-13 03:34:14,717 - aqt.updater - INFO - updater 140131661302656 Patching /home/runner/work/FreeCAD/Qt/6.8.3/gcc_64/lib/pkgconfig/Qt6Network.pc
2025-10-13 03:34:14,717 - aqt.updater - INFO - updater 140131661302656 Patching /home/runner/work/FreeCAD/Qt/6.8.3/gcc_64/lib/pkgconfig/Qt6Help.pc
2025-10-13 03:34:14,718 - aqt.updater - INFO - updater 140131661302656 Patching /home/runner/work/FreeCAD/Qt/6.8.3/gcc_64/lib/pkgconfig/Qt6LabsWavefrontMesh.pc
2025-10-13 03:34:14,718 - aqt.updater - INFO - updater 140131661302656 Patching /home/runner/work/FreeCAD/Qt/6.8.3/gcc_64/lib/pkgconfig/Qt6QuickWidgets.pc
2025-10-13 03:34:14,718 - aqt.updater - INFO - updater 140131661302656 Patching /home/runner/work/FreeCAD/Qt/6.8.3/gcc_64/lib/pkgconfig/Qt6QuickDialogs2.pc
2025-10-13 03:34:14,718 - aqt.updater - INFO - updater 140131661302656 Patching /home/runner/work/FreeCAD/Qt/6.8.3/gcc_64/lib/pkgconfig/Qt6QuickControls2Material.pc
2025-10-13 03:34:14,718 - aqt.updater - INFO - updater 140131661302656 Patching /home/runner/work/FreeCAD/Qt/6.8.3/gcc_64/lib/pkgconfig/Qt6Xml.pc
2025-10-13 03:34:14,719 - aqt.updater - INFO - updater 140131661302656 Patching /home/runner/work/FreeCAD/Qt/6.8.3/gcc_64/lib/pkgconfig/Qt6QuickTemplates2.pc
2025-10-13 03:34:14,719 - aqt.updater - INFO - updater 140131661302656 Patching /home/runner/work/FreeCAD/Qt/6.8.3/gcc_64/lib/pkgconfig/Qt6UiTools.pc
2025-10-13 03:34:14,719 - aqt.updater - INFO - updater 140131661302656 Patching /home/runner/work/FreeCAD/Qt/6.8.3/gcc_64/lib/pkgconfig/Qt6Gui.pc
2025-10-13 03:34:14,719 - aqt.updater - INFO - updater 140131661302656 Patching /home/runner/work/FreeCAD/Qt/6.8.3/gcc_64/lib/pkgconfig/Qt6QuickControls2FluentWinUI3StyleImpl.pc
2025-10-13 03:34:14,720 - aqt.updater - INFO - updater 140131661302656 Patching /home/runner/work/FreeCAD/Qt/6.8.3/gcc_64/lib/pkgconfig/Qt6Designer.pc
2025-10-13 03:34:14,720 - aqt.updater - INFO - updater 140131661302656 Patching /home/runner/work/FreeCAD/Qt/6.8.3/gcc_64/lib/pkgconfig/Qt6QuickLayouts.pc
2025-10-13 03:34:14,720 - aqt.updater - INFO - updater 140131661302656 Patching /home/runner/work/FreeCAD/Qt/6.8.3/gcc_64/lib/pkgconfig/Qt6QmlIntegration.pc
2025-10-13 03:34:14,720 - aqt.updater - INFO - updater 140131661302656 Patching /home/runner/work/FreeCAD/Qt/6.8.3/gcc_64/lib/pkgconfig/Qt6PrintSupport.pc
2025-10-13 03:34:14,721 - aqt.updater - INFO - updater 140131661302656 Patching /home/runner/work/FreeCAD/Qt/6.8.3/gcc_64/lib/pkgconfig/Qt6LabsAnimation.pc
2025-10-13 03:34:14,721 - aqt.updater - INFO - updater 140131661302656 Patching /home/runner/work/FreeCAD/Qt/6.8.3/gcc_64/lib/pkgconfig/Qt6LabsSettings.pc
2025-10-13 03:34:14,721 - aqt.updater - INFO - updater 140131661302656 Patching /home/runner/work/FreeCAD/Qt/6.8.3/gcc_64/lib/pkgconfig/Qt6QuickControls2Universal.pc
2025-10-13 03:34:14,721 - aqt.updater - INFO - updater 140131661302656 Patching /home/runner/work/FreeCAD/Qt/6.8.3/gcc_64/lib/pkgconfig/Qt6Linguist.pc
2025-10-13 03:34:14,721 - aqt.updater - INFO - updater 140131661302656 Patching /home/runner/work/FreeCAD/Qt/6.8.3/gcc_64/lib/pkgconfig/Qt6QmlNetwork.pc
2025-10-13 03:34:14,722 - aqt.updater - INFO - updater 140131661302656 Patching /home/runner/work/FreeCAD/Qt/6.8.3/gcc_64/lib/pkgconfig/Qt6LabsFolderListModel.pc
2025-10-13 03:34:14,722 - aqt.updater - INFO - updater 140131661302656 Patching /home/runner/work/FreeCAD/Qt/6.8.3/gcc_64/lib/pkgconfig/Qt6QmlAssetDownloader.pc
2025-10-13 03:34:14,722 - aqt.updater - INFO - updater 140131661302656 Patching /home/runner/work/FreeCAD/Qt/6.8.3/gcc_64/lib/pkgconfig/Qt6QmlXmlListModel.pc
2025-10-13 03:34:14,722 - aqt.updater - INFO - updater 140131661302656 Patching /home/runner/work/FreeCAD/Qt/6.8.3/gcc_64/lib/pkgconfig/Qt6Concurrent.pc
2025-10-13 03:34:14,723 - aqt.updater - INFO - updater 140131661302656 Patching /home/runner/work/FreeCAD/Qt/6.8.3/gcc_64/lib/pkgconfig/Qt6OpenGL.pc
2025-10-13 03:34:14,723 - aqt.updater - INFO - updater 140131661302656 Patching /home/runner/work/FreeCAD/Qt/6.8.3/gcc_64/lib/pkgconfig/Qt6LabsQmlModels.pc
2025-10-13 03:34:14,723 - aqt.updater - INFO - updater 140131661302656 Patching /home/runner/work/FreeCAD/Qt/6.8.3/gcc_64/lib/pkgconfig/Qt6QuickVectorImage.pc
2025-10-13 03:34:14,723 - aqt.updater - INFO - updater 140131661302656 Patching /home/runner/work/FreeCAD/Qt/6.8.3/gcc_64/lib/pkgconfig/Qt6QuickControls2Imagine.pc
2025-10-13 03:34:14,723 - aqt.updater - INFO - updater 140131661302656 Patching /home/runner/work/FreeCAD/Qt/6.8.3/gcc_64/lib/pkgconfig/Qt6WaylandClient.pc
2025-10-13 03:34:14,724 - aqt.updater - INFO - updater 140131661302656 Patching /home/runner/work/FreeCAD/Qt/6.8.3/gcc_64/lib/pkgconfig/Qt6Svg.pc
2025-10-13 03:34:14,724 - aqt.updater - INFO - updater 140131661302656 Patching /home/runner/work/FreeCAD/Qt/6.8.3/gcc_64/lib/pkgconfig/Qt6QuickControls2MaterialStyleImpl.pc
2025-10-13 03:34:14,724 - aqt.updater - INFO - updater 140131661302656 Patching /home/runner/work/FreeCAD/Qt/6.8.3/gcc_64/lib/pkgconfig/Qt6QmlMeta.pc
2025-10-13 03:34:14,724 - aqt.updater - INFO - updater 140131661302656 Patching /home/runner/work/FreeCAD/Qt/6.8.3/gcc_64/lib/pkgconfig/Qt6Test.pc
2025-10-13 03:34:14,725 - aqt.updater - INFO - updater 140131661302656 Patching /home/runner/work/FreeCAD/Qt/6.8.3/gcc_64/lib/pkgconfig/Qt6Quick.pc
2025-10-13 03:34:14,725 - aqt.updater - INFO - updater 140131661302656 Patching /home/runner/work/FreeCAD/Qt/6.8.3/gcc_64/lib/pkgconfig/Qt6LabsPlatform.pc
2025-10-13 03:34:14,725 - aqt.updater - INFO - updater 140131661302656 Patching /home/runner/work/FreeCAD/Qt/6.8.3/gcc_64/lib/pkgconfig/Qt6QmlLocalStorage.pc
2025-10-13 03:34:14,725 - aqt.updater - INFO - updater 140131661302656 Patching /home/runner/work/FreeCAD/Qt/6.8.3/gcc_64/lib/pkgconfig/Qt6Widgets.pc
2025-10-13 03:34:14,726 - aqt.updater - INFO - updater 140131661302656 Patching /home/runner/work/FreeCAD/Qt/6.8.3/gcc_64/lib/pkgconfig/Qt6QmlCore.pc
2025-10-13 03:34:14,726 - aqt.updater - INFO - updater 140131661302656 Patching /home/runner/work/FreeCAD/Qt/6.8.3/gcc_64/lib/pkgconfig/Qt6LabsSharedImage.pc
2025-10-13 03:34:14,726 - aqt.updater - INFO - updater 140131661302656 Patching /home/runner/work/FreeCAD/Qt/6.8.3/gcc_64/lib/pkgconfig/Qt6OpenGLWidgets.pc
2025-10-13 03:34:14,726 - aqt.updater - INFO - updater 140131661302656 Patching /home/runner/work/FreeCAD/Qt/6.8.3/gcc_64/lib/pkgconfig/Qt6QuickControls2Impl.pc
2025-10-13 03:34:14,726 - aqt.updater - INFO - updater 140131661302656 Patching /home/runner/work/FreeCAD/Qt/6.8.3/gcc_64/lib/pkgconfig/Qt6QmlCompiler.pc
2025-10-13 03:34:14,727 - aqt.updater - INFO - updater 140131661302656 Patching /home/runner/work/FreeCAD/Qt/6.8.3/gcc_64/lib/pkgconfig/Qt6QuickDialogs2Utils.pc
2025-10-13 03:34:14,727 - aqt.updater - INFO - updater 140131661302656 Patching /home/runner/work/FreeCAD/Qt/6.8.3/gcc_64/lib/pkgconfig/Qt6QuickDialogs2QuickImpl.pc
2025-10-13 03:34:14,727 - aqt.updater - INFO - updater 140131661302656 Patching /home/runner/work/FreeCAD/Qt/6.8.3/gcc_64/lib/pkgconfig/Qt6QuickControls2Basic.pc
2025-10-13 03:34:14,727 - aqt.updater - INFO - updater 140131661302656 Patching /home/runner/work/FreeCAD/Qt/6.8.3/gcc_64/lib/pkgconfig/Qt6QuickControls2FusionStyleImpl.pc
2025-10-13 03:34:14,728 - aqt.updater - INFO - updater 140131661302656 Patching /home/runner/work/FreeCAD/Qt/6.8.3/gcc_64/lib/pkgconfig/Qt6QmlWorkerScript.pc
2025-10-13 03:34:14,728 - aqt.updater - INFO - updater 140131661302656 Patching /home/runner/work/FreeCAD/Qt/6.8.3/gcc_64/lib/pkgconfig/Qt6QuickTest.pc
2025-10-13 03:34:14,728 - aqt.updater - INFO - updater 140131661302656 Patching /home/runner/work/FreeCAD/Qt/6.8.3/gcc_64/lib/pkgconfig/Qt6QuickControls2ImagineStyleImpl.pc
2025-10-13 03:34:14,728 - aqt.updater - INFO - updater 140131661302656 Patching /home/runner/work/FreeCAD/Qt/6.8.3/gcc_64/lib/pkgconfig/Qt6QmlModels.pc
2025-10-13 03:34:14,729 - aqt.updater - INFO - updater 140131661302656 Patching /home/runner/work/FreeCAD/Qt/6.8.3/gcc_64/lib/libQt6Svg.prl
2025-10-13 03:34:14,730 - aqt.updater - INFO - updater 140131661302656 Patching /home/runner/work/FreeCAD/Qt/6.8.3/gcc_64/lib/libQt6OpenGL.prl
2025-10-13 03:34:14,730 - aqt.updater - INFO - updater 140131661302656 Patching /home/runner/work/FreeCAD/Qt/6.8.3/gcc_64/lib/libQt6QmlLocalStorage.prl
2025-10-13 03:34:14,730 - aqt.updater - INFO - updater 140131661302656 Patching /home/runner/work/FreeCAD/Qt/6.8.3/gcc_64/lib/libQt6QuickEffects.prl
2025-10-13 03:34:14,730 - aqt.updater - INFO - updater 140131661302656 Patching /home/runner/work/FreeCAD/Qt/6.8.3/gcc_64/lib/libQt6Gui.prl
2025-10-13 03:34:14,731 - aqt.updater - INFO - updater 140131661302656 Patching /home/runner/work/FreeCAD/Qt/6.8.3/gcc_64/lib/libQt6Network.prl
2025-10-13 03:34:14,731 - aqt.updater - INFO - updater 140131661302656 Patching /home/runner/work/FreeCAD/Qt/6.8.3/gcc_64/lib/libQt6QuickControls2FluentWinUI3StyleImpl.prl
2025-10-13 03:34:14,731 - aqt.updater - INFO - updater 140131661302656 Patching /home/runner/work/FreeCAD/Qt/6.8.3/gcc_64/lib/libQt6WaylandEglClientHwIntegration.prl
2025-10-13 03:34:14,731 - aqt.updater - INFO - updater 140131661302656 Patching /home/runner/work/FreeCAD/Qt/6.8.3/gcc_64/lib/libQt6Quick.prl
2025-10-13 03:34:14,731 - aqt.updater - INFO - updater 140131661302656 Patching /home/runner/work/FreeCAD/Qt/6.8.3/gcc_64/lib/libQt6QuickVectorImage.prl
2025-10-13 03:34:14,732 - aqt.updater - INFO - updater 140131661302656 Patching /home/runner/work/FreeCAD/Qt/6.8.3/gcc_64/lib/libQt6QuickControls2.prl
2025-10-13 03:34:14,732 - aqt.updater - INFO - updater 140131661302656 Patching /home/runner/work/FreeCAD/Qt/6.8.3/gcc_64/lib/libQt6QuickControls2BasicStyleImpl.prl
2025-10-13 03:34:14,732 - aqt.updater - INFO - updater 140131661302656 Patching /home/runner/work/FreeCAD/Qt/6.8.3/gcc_64/lib/libQt6QmlNetwork.prl
2025-10-13 03:34:14,732 - aqt.updater - INFO - updater 140131661302656 Patching /home/runner/work/FreeCAD/Qt/6.8.3/gcc_64/lib/libQt6ExampleIcons.prl
2025-10-13 03:34:14,733 - aqt.updater - INFO - updater 140131661302656 Patching /home/runner/work/FreeCAD/Qt/6.8.3/gcc_64/lib/libQt6WlShellIntegration.prl
2025-10-13 03:34:14,733 - aqt.updater - INFO - updater 140131661302656 Patching /home/runner/work/FreeCAD/Qt/6.8.3/gcc_64/lib/libQt6LabsQmlModels.prl
2025-10-13 03:34:14,733 - aqt.updater - INFO - updater 140131661302656 Patching /home/runner/work/FreeCAD/Qt/6.8.3/gcc_64/lib/libQt6QuickDialogs2.prl
2025-10-13 03:34:14,733 - aqt.updater - INFO - updater 140131661302656 Patching /home/runner/work/FreeCAD/Qt/6.8.3/gcc_64/lib/libQt6QuickVectorImageGenerator.prl
2025-10-13 03:34:14,733 - aqt.updater - INFO - updater 140131661302656 Patching /home/runner/work/FreeCAD/Qt/6.8.3/gcc_64/lib/libQt6DesignerComponents.prl
2025-10-13 03:34:14,734 - aqt.updater - INFO - updater 140131661302656 Patching /home/runner/work/FreeCAD/Qt/6.8.3/gcc_64/lib/libQt6FbSupport.prl
2025-10-13 03:34:14,734 - aqt.updater - INFO - updater 140131661302656 Patching /home/runner/work/FreeCAD/Qt/6.8.3/gcc_64/lib/libQt6SvgWidgets.prl
2025-10-13 03:34:14,734 - aqt.updater - INFO - updater 140131661302656 Patching /home/runner/work/FreeCAD/Qt/6.8.3/gcc_64/lib/libQt6QuickWidgets.prl
2025-10-13 03:34:14,734 - aqt.updater - INFO - updater 140131661302656 Patching /home/runner/work/FreeCAD/Qt/6.8.3/gcc_64/lib/libQt6QmlMeta.prl
2025-10-13 03:34:14,734 - aqt.updater - INFO - updater 140131661302656 Patching /home/runner/work/FreeCAD/Qt/6.8.3/gcc_64/lib/libQt6QmlWorkerScript.prl
2025-10-13 03:34:14,735 - aqt.updater - INFO - updater 140131661302656 Patching /home/runner/work/FreeCAD/Qt/6.8.3/gcc_64/lib/libQt6LabsFolderListModel.prl
2025-10-13 03:34:14,735 - aqt.updater - INFO - updater 140131661302656 Patching /home/runner/work/FreeCAD/Qt/6.8.3/gcc_64/lib/libQt6QuickDialogs2Utils.prl
2025-10-13 03:34:14,735 - aqt.updater - INFO - updater 140131661302656 Patching /home/runner/work/FreeCAD/Qt/6.8.3/gcc_64/lib/libQt6QuickControls2ImagineStyleImpl.prl
2025-10-13 03:34:14,735 - aqt.updater - INFO - updater 140131661302656 Patching /home/runner/work/FreeCAD/Qt/6.8.3/gcc_64/lib/libQt6QmlToolingSettings.prl
2025-10-13 03:34:14,736 - aqt.updater - INFO - updater 140131661302656 Patching /home/runner/work/FreeCAD/Qt/6.8.3/gcc_64/lib/libQt6QmlLS.prl
2025-10-13 03:34:14,736 - aqt.updater - INFO - updater 140131661302656 Patching /home/runner/work/FreeCAD/Qt/6.8.3/gcc_64/lib/libQt6QuickTest.prl
2025-10-13 03:34:14,736 - aqt.updater - INFO - updater 140131661302656 Patching /home/runner/work/FreeCAD/Qt/6.8.3/gcc_64/lib/libQt6QuickControlsTestUtils.prl
2025-10-13 03:34:14,736 - aqt.updater - INFO - updater 140131661302656 Patching /home/runner/work/FreeCAD/Qt/6.8.3/gcc_64/lib/libQt6Concurrent.prl
2025-10-13 03:34:14,736 - aqt.updater - INFO - updater 140131661302656 Patching /home/runner/work/FreeCAD/Qt/6.8.3/gcc_64/lib/libQt6KmsSupport.prl
2025-10-13 03:34:14,737 - aqt.updater - INFO - updater 140131661302656 Patching /home/runner/work/FreeCAD/Qt/6.8.3/gcc_64/lib/libQt6QuickControls2MaterialStyleImpl.prl
2025-10-13 03:34:14,737 - aqt.updater - INFO - updater 140131661302656 Patching /home/runner/work/FreeCAD/Qt/6.8.3/gcc_64/lib/libQt6Help.prl
2025-10-13 03:34:14,737 - aqt.updater - INFO - updater 140131661302656 Patching /home/runner/work/FreeCAD/Qt/6.8.3/gcc_64/lib/libQt6Xml.prl
2025-10-13 03:34:14,737 - aqt.updater - INFO - updater 140131661302656 Patching /home/runner/work/FreeCAD/Qt/6.8.3/gcc_64/lib/libQt6EglFsKmsGbmSupport.prl
2025-10-13 03:34:14,737 - aqt.updater - INFO - updater 140131661302656 Patching /home/runner/work/FreeCAD/Qt/6.8.3/gcc_64/lib/libQt6DBus.prl
2025-10-13 03:34:14,738 - aqt.updater - INFO - updater 140131661302656 Patching /home/runner/work/FreeCAD/Qt/6.8.3/gcc_64/lib/libQt6QuickDialogs2QuickImpl.prl
2025-10-13 03:34:14,738 - aqt.updater - INFO - updater 140131661302656 Patching /home/runner/work/FreeCAD/Qt/6.8.3/gcc_64/lib/libQt6EglFSDeviceIntegration.prl
2025-10-13 03:34:14,738 - aqt.updater - INFO - updater 140131661302656 Patching /home/runner/work/FreeCAD/Qt/6.8.3/gcc_64/lib/libQt6InputSupport.prl
2025-10-13 03:34:14,738 - aqt.updater - INFO - updater 140131661302656 Patching /home/runner/work/FreeCAD/Qt/6.8.3/gcc_64/lib/libQt6Widgets.prl
2025-10-13 03:34:14,738 - aqt.updater - INFO - updater 140131661302656 Patching /home/runner/work/FreeCAD/Qt/6.8.3/gcc_64/lib/libQt6Sql.prl
2025-10-13 03:34:14,738 - aqt.updater - INFO - updater 140131661302656 Patching /home/runner/work/FreeCAD/Qt/6.8.3/gcc_64/lib/libQt6QuickTestUtils.prl
2025-10-13 03:34:14,739 - aqt.updater - INFO - updater 140131661302656 Patching /home/runner/work/FreeCAD/Qt/6.8.3/gcc_64/lib/libQt6QmlModels.prl
2025-10-13 03:34:14,739 - aqt.updater - INFO - updater 140131661302656 Patching /home/runner/work/FreeCAD/Qt/6.8.3/gcc_64/lib/libQt6QuickControls2Basic.prl
2025-10-13 03:34:14,739 - aqt.updater - INFO - updater 140131661302656 Patching /home/runner/work/FreeCAD/Qt/6.8.3/gcc_64/lib/libQt6QuickTemplates2.prl
2025-10-13 03:34:14,739 - aqt.updater - INFO - updater 140131661302656 Patching /home/runner/work/FreeCAD/Qt/6.8.3/gcc_64/lib/libQt6UiTools.prl
2025-10-13 03:34:14,740 - aqt.updater - INFO - updater 140131661302656 Patching /home/runner/work/FreeCAD/Qt/6.8.3/gcc_64/lib/libQt6QmlDebug.prl
2025-10-13 03:34:14,740 - aqt.updater - INFO - updater 140131661302656 Patching /home/runner/work/FreeCAD/Qt/6.8.3/gcc_64/lib/libQt6QuickControls2Imagine.prl
2025-10-13 03:34:14,740 - aqt.updater - INFO - updater 140131661302656 Patching /home/runner/work/FreeCAD/Qt/6.8.3/gcc_64/lib/libQt6WaylandClient.prl
2025-10-13 03:34:14,740 - aqt.updater - INFO - updater 140131661302656 Patching /home/runner/work/FreeCAD/Qt/6.8.3/gcc_64/lib/libQt6PacketProtocol.prl
2025-10-13 03:34:14,740 - aqt.updater - INFO - updater 140131661302656 Patching /home/runner/work/FreeCAD/Qt/6.8.3/gcc_64/lib/libQt6OpenGLWidgets.prl
2025-10-13 03:34:14,741 - aqt.updater - INFO - updater 140131661302656 Patching /home/runner/work/FreeCAD/Qt/6.8.3/gcc_64/lib/libQt6LabsPlatform.prl
2025-10-13 03:34:14,741 - aqt.updater - INFO - updater 140131661302656 Patching /home/runner/work/FreeCAD/Qt/6.8.3/gcc_64/lib/libQt6Core.prl
2025-10-13 03:34:14,741 - aqt.updater - INFO - updater 140131661302656 Patching /home/runner/work/FreeCAD/Qt/6.8.3/gcc_64/lib/libQt6QuickControls2FusionStyleImpl.prl
2025-10-13 03:34:14,741 - aqt.updater - INFO - updater 140131661302656 Patching /home/runner/work/FreeCAD/Qt/6.8.3/gcc_64/lib/libQt6LabsSettings.prl
2025-10-13 03:34:14,742 - aqt.updater - INFO - updater 140131661302656 Patching /home/runner/work/FreeCAD/Qt/6.8.3/gcc_64/lib/libQt6QmlDom.prl
2025-10-13 03:34:14,742 - aqt.updater - INFO - updater 140131661302656 Patching /home/runner/work/FreeCAD/Qt/6.8.3/gcc_64/lib/libQt6Qml.prl
2025-10-13 03:34:14,742 - aqt.updater - INFO - updater 140131661302656 Patching /home/runner/work/FreeCAD/Qt/6.8.3/gcc_64/lib/libQt6QuickControls2UniversalStyleImpl.prl
2025-10-13 03:34:14,742 - aqt.updater - INFO - updater 140131661302656 Patching /home/runner/work/FreeCAD/Qt/6.8.3/gcc_64/lib/libQt6QuickLayouts.prl
2025-10-13 03:34:14,743 - aqt.updater - INFO - updater 140131661302656 Patching /home/runner/work/FreeCAD/Qt/6.8.3/gcc_64/lib/libQt6QuickControls2Impl.prl
2025-10-13 03:34:14,743 - aqt.updater - INFO - updater 140131661302656 Patching /home/runner/work/FreeCAD/Qt/6.8.3/gcc_64/lib/libQt6XcbQpa.prl
2025-10-13 03:34:14,743 - aqt.updater - INFO - updater 140131661302656 Patching /home/runner/work/FreeCAD/Qt/6.8.3/gcc_64/lib/libQt6QuickShapes.prl
2025-10-13 03:34:14,743 - aqt.updater - INFO - updater 140131661302656 Patching /home/runner/work/FreeCAD/Qt/6.8.3/gcc_64/lib/libQt6DeviceDiscoverySupport.prl
2025-10-13 03:34:14,743 - aqt.updater - INFO - updater 140131661302656 Patching /home/runner/work/FreeCAD/Qt/6.8.3/gcc_64/lib/libQt6QmlCompiler.prl
2025-10-13 03:34:14,744 - aqt.updater - INFO - updater 140131661302656 Patching /home/runner/work/FreeCAD/Qt/6.8.3/gcc_64/lib/libQt6QuickParticles.prl
2025-10-13 03:34:14,744 - aqt.updater - INFO - updater 140131661302656 Patching /home/runner/work/FreeCAD/Qt/6.8.3/gcc_64/lib/libQt6QuickControls2Universal.prl
2025-10-13 03:34:14,744 - aqt.updater - INFO - updater 140131661302656 Patching /home/runner/work/FreeCAD/Qt/6.8.3/gcc_64/lib/libQt6LabsWavefrontMesh.prl
2025-10-13 03:34:14,744 - aqt.updater - INFO - updater 140131661302656 Patching /home/runner/work/FreeCAD/Qt/6.8.3/gcc_64/lib/libQt6QmlXmlListModel.prl
2025-10-13 03:34:14,745 - aqt.updater - INFO - updater 140131661302656 Patching /home/runner/work/FreeCAD/Qt/6.8.3/gcc_64/lib/libQt6EglFsKmsSupport.prl
2025-10-13 03:34:14,745 - aqt.updater - INFO - updater 140131661302656 Patching /home/runner/work/FreeCAD/Qt/6.8.3/gcc_64/lib/libQt6LabsSharedImage.prl
2025-10-13 03:34:14,745 - aqt.updater - INFO - updater 140131661302656 Patching /home/runner/work/FreeCAD/Qt/6.8.3/gcc_64/lib/libQt6PrintSupport.prl
2025-10-13 03:34:14,745 - aqt.updater - INFO - updater 140131661302656 Patching /home/runner/work/FreeCAD/Qt/6.8.3/gcc_64/lib/libQt6QuickControls2Fusion.prl
2025-10-13 03:34:14,746 - aqt.updater - INFO - updater 140131661302656 Patching /home/runner/work/FreeCAD/Qt/6.8.3/gcc_64/lib/libQt6Designer.prl
2025-10-13 03:34:14,746 - aqt.updater - INFO - updater 140131661302656 Patching /home/runner/work/FreeCAD/Qt/6.8.3/gcc_64/lib/libQt6ExamplesAssetDownloader.prl
2025-10-13 03:34:14,746 - aqt.updater - INFO - updater 140131661302656 Patching /home/runner/work/FreeCAD/Qt/6.8.3/gcc_64/lib/libQt6QmlTypeRegistrar.prl
2025-10-13 03:34:14,746 - aqt.updater - INFO - updater 140131661302656 Patching /home/runner/work/FreeCAD/Qt/6.8.3/gcc_64/lib/libQt6LabsAnimation.prl
2025-10-13 03:34:14,746 - aqt.updater - INFO - updater 140131661302656 Patching /home/runner/work/FreeCAD/Qt/6.8.3/gcc_64/lib/libQt6QuickControls2Material.prl
2025-10-13 03:34:14,747 - aqt.updater - INFO - updater 140131661302656 Patching /home/runner/work/FreeCAD/Qt/6.8.3/gcc_64/lib/libQt6QmlCore.prl
2025-10-13 03:34:14,747 - aqt.updater - INFO - updater 140131661302656 Patching /home/runner/work/FreeCAD/Qt/6.8.3/gcc_64/lib/libQt6QmlAssetDownloader.prl
2025-10-13 03:34:14,747 - aqt.updater - INFO - updater 140131661302656 Patching /home/runner/work/FreeCAD/Qt/6.8.3/gcc_64/lib/libQt6Test.prl
2025-10-13 03:34:14,747 - aqt.main - INFO - installer 140131661302656 Finished installation
2025-10-13 03:34:14,748 - aqt.main - INFO - installer 140131661302656 Time elapsed: 21.67801697 second
